Leecher logs: This is an random entry by Leecher --- Wed Dec 27 23:11:08 PST 2017 -- 1514445068330 
Leecher logs: This is an random entry by Leecher --- Wed Dec 27 23:12:20 PST 2017 -- 1514445140309 
Leecher logs: This is an random entry by Leecher --- Wed Dec 27 23:13:26 PST 2017 -- 1514445206923 
Leecher logs: This is an random entry by Leecher --- Wed Dec 27 23:14:31 PST 2017 -- 1514445271921 
Leecher logs: This is an random entry by Leecher --- Wed Dec 27 23:15:37 PST 2017 -- 1514445337302 
Leecher logs: This is an random entry by Leecher --- Wed Dec 27 23:16:42 PST 2017 -- 1514445402874 
Leecher logs: This is an random entry by Leecher --- Wed Dec 27 23:17:50 PST 2017 -- 1514445470390 
Leecher logs: This is an random entry by Leecher --- Wed Dec 27 23:22:55 PST 2017 -- 1514445775474 
Leecher logs: This is an random entry by Leecher --- Wed Dec 27 23:28:00 PST 2017 -- 1514446080959 
Leecher logs: This is an random entry by Leecher --- Wed Dec 27 23:33:06 PST 2017 -- 1514446386209 
Leecher logs: This is an random entry by Leecher --- Wed Dec 27 23:38:11 PST 2017 -- 1514446691114 
Leecher logs: This is an random entry by Leecher --- Wed Dec 27 23:43:15 PST 2017 -- 1514446995026 
Leecher logs: This is an random entry by Leecher --- Wed Dec 27 23:48:20 PST 2017 -- 1514447300372 
Leecher logs: This is an random entry by Leecher --- Wed Dec 27 23:53:25 PST 2017 -- 1514447605498 
Leecher logs: This is an random entry by Leecher --- Wed Dec 27 23:58:30 PST 2017 -- 1514447910265 
Leecher logs: This is an random entry by Leecher --- Thu Dec 28 00:03:35 PST 2017 -- 1514448215402 
Leecher logs: This is an random entry by Leecher --- Thu Dec 28 00:08:40 PST 2017 -- 1514448520359 
Leecher logs: This is an random entry by Leecher --- Thu Dec 28 00:13:44 PST 2017 -- 1514448824972 
Leecher logs: This is an random entry by Leecher --- Thu Dec 28 00:18:50 PST 2017 -- 1514449130231 
Leecher logs: This is an random entry by Leecher --- Thu Dec 28 00:23:54 PST 2017 -- 1514449434288 
Leecher logs: This is an random entry by Leecher --- Thu Dec 28 00:28:58 PST 2017 -- 1514449738728 
Leecher logs: This is an random entry by Leecher --- Thu Dec 28 00:34:04 PST 2017 -- 1514450044499 
Leecher logs: This is an random entry by Leecher --- Thu Dec 28 00:39:09 PST 2017 -- 1514450349295 
Leecher logs: This is an random entry by Leecher --- Thu Dec 28 00:44:14 PST 2017 -- 1514450654409 
Leecher logs: This is an random entry by Leecher --- Thu Dec 28 00:49:20 PST 2017 -- 1514450960166 
Leecher logs: This is an random entry by Leecher --- Thu Dec 28 00:54:24 PST 2017 -- 1514451264899 
Leecher logs: This is an random entry by Leecher --- Thu Dec 28 00:59:29 PST 2017 -- 1514451569643 
Leecher logs: This is an random entry by Leecher --- Thu Dec 28 01:04:34 PST 2017 -- 1514451874696 
Leecher logs: This is an random entry by Leecher --- Thu Dec 28 01:09:38 PST 2017 -- 1514452178967 
Leecher logs: This is an random entry by Leecher --- Thu Dec 28 01:14:43 PST 2017 -- 1514452483925 
Leecher logs: This is an random entry by Leecher --- Thu Dec 28 01:19:48 PST 2017 -- 1514452788527 
Leecher logs: This is an random entry by Leecher --- Thu Dec 28 01:24:52 PST 2017 -- 1514453092959 
Leecher logs: This is an random entry by Leecher --- Thu Dec 28 01:29:57 PST 2017 -- 1514453397451 
Leecher logs: This is an random entry by Leecher --- Thu Dec 28 01:35:01 PST 2017 -- 1514453701988 
Leecher logs: This is an random entry by Leecher --- Thu Dec 28 01:40:07 PST 2017 -- 1514454007042 
Leecher logs: This is an random entry by Leecher --- Thu Dec 28 01:45:11 PST 2017 -- 1514454311616 
Leecher logs: This is an random entry by Leecher --- Thu Dec 28 01:50:16 PST 2017 -- 1514454616077 
Leecher logs: This is an random entry by Leecher --- Thu Dec 28 01:55:20 PST 2017 -- 1514454920168 
Leecher logs: This is an random entry by Leecher --- Thu Dec 28 02:00:24 PST 2017 -- 1514455224613 
Leecher logs: This is an random entry by Leecher --- Thu Dec 28 02:05:29 PST 2017 -- 1514455529769 
Leecher logs: This is an random entry by Leecher --- Thu Dec 28 02:10:34 PST 2017 -- 1514455834709 
Leecher logs: This is an random entry by Leecher --- Thu Dec 28 02:15:39 PST 2017 -- 1514456139198 
Leecher logs: This is an random entry by Leecher --- Thu Dec 28 02:20:43 PST 2017 -- 1514456443683 
Leecher logs: This is an random entry by Leecher --- Thu Dec 28 02:25:48 PST 2017 -- 1514456748097 
Leecher logs: This is an random entry by Leecher --- Thu Dec 28 02:30:52 PST 2017 -- 1514457052590 
Leecher logs: This is an random entry by Leecher --- Thu Dec 28 02:35:57 PST 2017 -- 1514457357643 
Leecher logs: This is an random entry by Leecher --- Thu Dec 28 02:41:05 PST 2017 -- 1514457665058 
Leecher logs: This is an random entry by Leecher --- Thu Dec 28 02:46:09 PST 2017 -- 1514457969395 
Leecher logs: This is an random entry by Leecher --- Thu Dec 28 02:51:14 PST 2017 -- 1514458274550 
Leecher logs: This is an random entry by Leecher --- Thu Dec 28 02:56:19 PST 2017 -- 1514458579605 
Leecher logs: This is an random entry by Leecher --- Thu Dec 28 03:01:24 PST 2017 -- 1514458884015 
Leecher logs: This is an random entry by Leecher --- Thu Dec 28 03:06:28 PST 2017 -- 1514459188429 
Leecher logs: This is an random entry by Leecher --- Thu Dec 28 03:11:32 PST 2017 -- 1514459492853 
Leecher logs: This is an random entry by Leecher --- Thu Dec 28 03:16:37 PST 2017 -- 1514459797202 
Leecher logs: This is an random entry by Leecher --- Thu Dec 28 03:21:42 PST 2017 -- 1514460102435 
Leecher logs: This is an random entry by Leecher --- Thu Dec 28 03:26:47 PST 2017 -- 1514460407484 
Leecher logs: This is an random entry by Leecher --- Thu Dec 28 03:31:52 PST 2017 -- 1514460712218 
Leecher logs: This is an random entry by Leecher --- Thu Dec 28 03:36:56 PST 2017 -- 1514461016670 
Leecher logs: This is an random entry by Leecher --- Thu Dec 28 03:42:01 PST 2017 -- 1514461321114 
Leecher logs: This is an random entry by Leecher --- Thu Dec 28 03:47:05 PST 2017 -- 1514461625946 
Leecher logs: This is an random entry by Leecher --- Thu Dec 28 03:52:10 PST 2017 -- 1514461930558 
Leecher logs: This is an random entry by Leecher --- Thu Dec 28 03:57:15 PST 2017 -- 1514462235578 
Leecher logs: This is an random entry by Leecher --- Thu Dec 28 04:02:20 PST 2017 -- 1514462540798 
Leecher logs: This is an random entry by Leecher --- Thu Dec 28 04:07:25 PST 2017 -- 1514462845683 
Leecher logs: This is an random entry by Leecher --- Thu Dec 28 04:12:29 PST 2017 -- 1514463149806 
Leecher logs: This is an random entry by Leecher --- Thu Dec 28 04:17:34 PST 2017 -- 1514463454282 
Leecher logs: This is an random entry by Leecher --- Thu Dec 28 04:22:38 PST 2017 -- 1514463758741 
Leecher logs: This is an random entry by Leecher --- Thu Dec 28 04:27:43 PST 2017 -- 1514464063212 
Leecher logs: This is an random entry by Leecher --- Thu Dec 28 04:32:48 PST 2017 -- 1514464368350 
Leecher logs: This is an random entry by Leecher --- Thu Dec 28 04:37:53 PST 2017 -- 1514464673470 
Leecher logs: This is an random entry by Leecher --- Thu Dec 28 04:42:58 PST 2017 -- 1514464978417 
Leecher logs: This is an random entry by Leecher --- Thu Dec 28 04:48:03 PST 2017 -- 1514465283008 
Leecher logs: This is an random entry by Leecher --- Thu Dec 28 04:53:07 PST 2017 -- 1514465587522 
Leecher logs: This is an random entry by Leecher --- Thu Dec 28 04:58:12 PST 2017 -- 1514465892044 
Leecher logs: This is an random entry by Leecher --- Thu Dec 28 05:03:16 PST 2017 -- 1514466196486 
Leecher logs: This is an random entry by Leecher --- Thu Dec 28 05:08:21 PST 2017 -- 1514466501516 
Leecher logs: This is an random entry by Leecher --- Thu Dec 28 05:13:26 PST 2017 -- 1514466806603 
Leecher logs: This is an random entry by Leecher --- Thu Dec 28 05:18:31 PST 2017 -- 1514467111546 
Leecher logs: This is an random entry by Leecher --- Thu Dec 28 05:23:35 PST 2017 -- 1514467415865 
Leecher logs: This is an random entry by Leecher --- Thu Dec 28 05:28:40 PST 2017 -- 1514467720319 
Leecher logs: This is an random entry by Leecher --- Thu Dec 28 05:33:44 PST 2017 -- 1514468024766 
Leecher logs: This is an random entry by Leecher --- Thu Dec 28 05:38:49 PST 2017 -- 1514468329307 
Leecher logs: This is an random entry by Leecher --- Thu Dec 28 05:43:54 PST 2017 -- 1514468634314 
Leecher logs: This is an random entry by Leecher --- Thu Dec 28 05:48:59 PST 2017 -- 1514468939220 
Leecher logs: This is an random entry by Leecher --- Thu Dec 28 05:54:03 PST 2017 -- 1514469243620 
Leecher logs: This is an random entry by Leecher --- Thu Dec 28 05:59:07 PST 2017 -- 1514469547985 
Leecher logs: This is an random entry by Leecher --- Thu Dec 28 06:04:12 PST 2017 -- 1514469852648 
Leecher logs: This is an random entry by Leecher --- Thu Dec 28 06:09:17 PST 2017 -- 1514470157095 
Leecher logs: This is an random entry by Leecher --- Thu Dec 28 06:14:22 PST 2017 -- 1514470462264 
Leecher logs: This is an random entry by Leecher --- Thu Dec 28 06:19:27 PST 2017 -- 1514470767419 
Leecher logs: This is an random entry by Leecher --- Thu Dec 28 06:24:32 PST 2017 -- 1514471072479 
Leecher logs: This is an random entry by Leecher --- Thu Dec 28 06:29:36 PST 2017 -- 1514471376789 
Leecher logs: This is an random entry by Leecher --- Thu Dec 28 06:34:41 PST 2017 -- 1514471681182 
Leecher logs: This is an random entry by Leecher --- Thu Dec 28 06:39:45 PST 2017 -- 1514471985639 
Leecher logs: This is an random entry by Leecher --- Thu Dec 28 06:44:50 PST 2017 -- 1514472290140 
Leecher logs: This is an random entry by Leecher --- Thu Dec 28 06:49:55 PST 2017 -- 1514472595302 
Leecher logs: This is an random entry by Leecher --- Thu Dec 28 06:55:00 PST 2017 -- 1514472900455 
Leecher logs: This is an random entry by Leecher --- Thu Dec 28 07:00:05 PST 2017 -- 1514473205409 
Leecher logs: This is an random entry by Leecher --- Thu Dec 28 07:05:10 PST 2017 -- 1514473510150 
Leecher logs: This is an random entry by Leecher --- Thu Dec 28 07:10:14 PST 2017 -- 1514473814245 
Leecher logs: This is an random entry by Leecher --- Thu Dec 28 07:15:20 PST 2017 -- 1514474120590 
Leecher logs: This is an random entry by Leecher --- Thu Dec 28 07:20:25 PST 2017 -- 1514474425168 
Leecher logs: This is an random entry by Leecher --- Thu Dec 28 07:25:29 PST 2017 -- 1514474729644 
Leecher logs: This is an random entry by Leecher --- Thu Dec 28 07:30:34 PST 2017 -- 1514475034602 
Leecher logs: This is an random entry by Leecher --- Thu Dec 28 07:35:39 PST 2017 -- 1514475339636 
Leecher logs: This is an random entry by Leecher --- Thu Dec 28 07:40:44 PST 2017 -- 1514475644487 
Leecher logs: This is an random entry by Leecher --- Thu Dec 28 07:45:48 PST 2017 -- 1514475948986 
Leecher logs: This is an random entry by Leecher --- Thu Dec 28 07:50:53 PST 2017 -- 1514476253390 
Leecher logs: This is an random entry by Leecher --- Thu Dec 28 07:55:57 PST 2017 -- 1514476557974 
Leecher logs: This is an random entry by Leecher --- Thu Dec 28 08:01:02 PST 2017 -- 1514476862443 
Leecher logs: This is an random entry by Leecher --- Thu Dec 28 08:06:07 PST 2017 -- 1514477167598 
Leecher logs: This is an random entry by Leecher --- Thu Dec 28 08:11:12 PST 2017 -- 1514477472649 
Leecher logs: This is an random entry by Leecher --- Thu Dec 28 08:16:17 PST 2017 -- 1514477777494 
Leecher logs: This is an random entry by Leecher --- Thu Dec 28 08:21:22 PST 2017 -- 1514478082050 
Leecher logs: This is an random entry by Leecher --- Thu Dec 28 08:26:26 PST 2017 -- 1514478386539 
Leecher logs: This is an random entry by Leecher --- Thu Dec 28 08:31:31 PST 2017 -- 1514478691022 
Leecher logs: This is an random entry by Leecher --- Thu Dec 28 08:36:35 PST 2017 -- 1514478995469 
Leecher logs: This is an random entry by Leecher --- Thu Dec 28 08:41:40 PST 2017 -- 1514479300521 
Leecher logs: This is an random entry by Leecher --- Thu Dec 28 08:46:45 PST 2017 -- 1514479605684 
Leecher logs: This is an random entry by Leecher --- Thu Dec 28 08:51:50 PST 2017 -- 1514479910332 
Leecher logs: This is an random entry by Leecher --- Thu Dec 28 08:56:54 PST 2017 -- 1514480214666 
Leecher logs: This is an random entry by Leecher --- Thu Dec 28 09:01:59 PST 2017 -- 1514480519162 
Leecher logs: This is an random entry by Leecher --- Thu Dec 28 09:07:03 PST 2017 -- 1514480823652 
Leecher logs: This is an random entry by Leecher --- Thu Dec 28 09:12:09 PST 2017 -- 1514481129016 
Leecher logs: This is an random entry by Leecher --- Thu Dec 28 09:17:14 PST 2017 -- 1514481434581 
Leecher logs: This is an random entry by Leecher --- Thu Dec 28 09:22:19 PST 2017 -- 1514481739377 
Leecher logs: This is an random entry by Leecher --- Thu Dec 28 09:27:24 PST 2017 -- 1514482044115 
Leecher logs: This is an random entry by Leecher --- Thu Dec 28 09:32:28 PST 2017 -- 1514482348936 
Leecher logs: This is an random entry by Leecher --- Thu Dec 28 09:37:33 PST 2017 -- 1514482653642 
Leecher logs: This is an random entry by Leecher --- Thu Dec 28 09:42:38 PST 2017 -- 1514482958320 
Leecher logs: This is an random entry by Leecher --- Thu Dec 28 09:47:43 PST 2017 -- 1514483263470 
Leecher logs: This is an random entry by Leecher --- Thu Dec 28 09:52:48 PST 2017 -- 1514483568500 
Leecher logs: This is an random entry by Leecher --- Thu Dec 28 09:57:53 PST 2017 -- 1514483873482 
Leecher logs: This is an random entry by Leecher --- Thu Dec 28 10:02:57 PST 2017 -- 1514484177806 
Leecher logs: This is an random entry by Leecher --- Thu Dec 28 10:08:02 PST 2017 -- 1514484482199 
Leecher logs: This is an random entry by Leecher --- Thu Dec 28 10:13:06 PST 2017 -- 1514484786607 
Leecher logs: This is an random entry by Leecher --- Thu Dec 28 10:18:11 PST 2017 -- 1514485091564 
Leecher logs: This is an random entry by Leecher --- Thu Dec 28 10:23:16 PST 2017 -- 1514485396612 
Leecher logs: This is an random entry by Leecher --- Thu Dec 28 10:28:21 PST 2017 -- 1514485701575 
Leecher logs: This is an random entry by Leecher --- Thu Dec 28 10:33:25 PST 2017 -- 1514486005957 
Leecher logs: This is an random entry by Leecher --- Thu Dec 28 10:38:30 PST 2017 -- 1514486310370 
Leecher logs: This is an random entry by Leecher --- Thu Dec 28 10:43:34 PST 2017 -- 1514486614992 
Leecher logs: This is an random entry by Leecher --- Thu Dec 28 10:48:39 PST 2017 -- 1514486919847 
Leecher logs: This is an random entry by Leecher --- Thu Dec 28 10:53:44 PST 2017 -- 1514487224693 
Leecher logs: This is an random entry by Leecher --- Thu Dec 28 10:58:49 PST 2017 -- 1514487529655 
Leecher logs: This is an random entry by Leecher --- Thu Dec 28 11:03:54 PST 2017 -- 1514487834710 
Leecher logs: This is an random entry by Leecher --- Thu Dec 28 11:08:59 PST 2017 -- 1514488139448 
Leecher logs: This is an random entry by Leecher --- Thu Dec 28 11:14:03 PST 2017 -- 1514488443988 
Leecher logs: This is an random entry by Leecher --- Thu Dec 28 11:19:08 PST 2017 -- 1514488748522 
Leecher logs: This is an random entry by Leecher --- Thu Dec 28 11:24:13 PST 2017 -- 1514489053349 
Leecher logs: This is an random entry by Leecher --- Thu Dec 28 11:29:17 PST 2017 -- 1514489357742 
Leecher logs: This is an random entry by Leecher --- Thu Dec 28 11:34:23 PST 2017 -- 1514489663032 
Leecher logs: This is an random entry by Leecher --- Thu Dec 28 11:39:28 PST 2017 -- 1514489968139 
Leecher logs: This is an random entry by Leecher --- Thu Dec 28 11:44:32 PST 2017 -- 1514490272995 
Leecher logs: This is an random entry by Leecher --- Thu Dec 28 11:49:37 PST 2017 -- 1514490577623 
Leecher logs: This is an random entry by Leecher --- Thu Dec 28 11:54:42 PST 2017 -- 1514490882470 
Leecher logs: This is an random entry by Leecher --- Thu Dec 28 11:59:46 PST 2017 -- 1514491186982 
Leecher logs: This is an random entry by Leecher --- Thu Dec 28 12:04:51 PST 2017 -- 1514491491482 
Leecher logs: This is an random entry by Leecher --- Thu Dec 28 12:09:56 PST 2017 -- 1514491796027 
Leecher logs: This is an random entry by Leecher --- Thu Dec 28 12:15:01 PST 2017 -- 1514492101493 
Leecher logs: This is an random entry by Leecher --- Thu Dec 28 12:20:07 PST 2017 -- 1514492407105 
Leecher logs: This is an random entry by Leecher --- Thu Dec 28 12:25:12 PST 2017 -- 1514492712416 
Leecher logs: This is an random entry by Leecher --- Thu Dec 28 12:30:17 PST 2017 -- 1514493017065 
Leecher logs: This is an random entry by Leecher --- Thu Dec 28 12:35:21 PST 2017 -- 1514493321760 
Leecher logs: This is an random entry by Leecher --- Thu Dec 28 12:40:26 PST 2017 -- 1514493626236 
Leecher logs: This is an random entry by Leecher --- Thu Dec 28 12:45:31 PST 2017 -- 1514493931091 
Leecher logs: This is an random entry by Leecher --- Thu Dec 28 12:50:35 PST 2017 -- 1514494235747 
Leecher logs: This is an random entry by Leecher --- Thu Dec 28 12:55:40 PST 2017 -- 1514494540906 
Leecher logs: This is an random entry by Leecher --- Thu Dec 28 13:00:46 PST 2017 -- 1514494846237 
Leecher logs: This is an random entry by Leecher --- Fri Dec 29 14:23:15 PST 2017 -- 1514586195472 
Leecher logs: This is an random entry by Leecher --- Fri Dec 29 14:29:20 PST 2017 -- 1514586560732 
Leecher logs: This is an random entry by Leecher --- Fri Dec 29 14:35:25 PST 2017 -- 1514586925730 
Leecher logs: This is an random entry by Leecher --- Fri Dec 29 14:41:31 PST 2017 -- 1514587291062 
Leecher logs: This is an random entry by Leecher --- Fri Dec 29 14:47:35 PST 2017 -- 1514587655488 
Leecher logs: This is an random entry by Leecher --- Fri Dec 29 14:53:40 PST 2017 -- 1514588020499 
Leecher logs: This is an random entry by Leecher --- Fri Dec 29 14:59:44 PST 2017 -- 1514588384538 
Leecher logs: This is an random entry by Leecher --- Fri Dec 29 15:05:48 PST 2017 -- 1514588748704 
Leecher logs: This is an random entry by Leecher --- Fri Dec 29 15:11:53 PST 2017 -- 1514589113373 
Leecher logs: This is an random entry by Leecher --- Fri Dec 29 15:17:59 PST 2017 -- 1514589479316 
Leecher logs: This is an random entry by Leecher --- Fri Dec 29 15:24:04 PST 2017 -- 1514589844664 
Leecher logs: This is an random entry by Leecher --- Fri Dec 29 15:30:10 PST 2017 -- 1514590210286 
Leecher logs: This is an random entry by Leecher --- Fri Dec 29 15:36:16 PST 2017 -- 1514590576149 
Leecher logs: This is an random entry by Leecher --- Fri Dec 29 15:42:21 PST 2017 -- 1514590941491 
Leecher logs: This is an random entry by Leecher --- Fri Dec 29 15:48:28 PST 2017 -- 1514591308823 
Leecher logs: This is an random entry by Leecher --- Fri Dec 29 15:54:33 PST 2017 -- 1514591673277 
Leecher logs: This is an random entry by Leecher --- Fri Dec 29 16:00:39 PST 2017 -- 1514592039038 
Leecher logs: This is an random entry by Leecher --- Fri Dec 29 16:06:44 PST 2017 -- 1514592404859 
Leecher logs: This is an random entry by Leecher --- Fri Dec 29 16:12:51 PST 2017 -- 1514592771064 
Leecher logs: This is an random entry by Leecher --- Fri Dec 29 16:18:55 PST 2017 -- 1514593135752 
Leecher logs: This is an random entry by Leecher --- Fri Dec 29 16:25:00 PST 2017 -- 1514593500324 
Leecher logs: This is an random entry by Leecher --- Fri Dec 29 16:31:04 PST 2017 -- 1514593864889 
Leecher logs: This is an random entry by Leecher --- Fri Dec 29 16:37:09 PST 2017 -- 1514594229403 
Leecher logs: This is an random entry by Leecher --- Fri Dec 29 16:43:15 PST 2017 -- 1514594595486 
Leecher logs: This is an random entry by Leecher --- Fri Dec 29 16:49:20 PST 2017 -- 1514594960153 
Leecher logs: This is an random entry by Leecher --- Fri Dec 29 16:55:24 PST 2017 -- 1514595324668 
Leecher logs: This is an random entry by Leecher --- Fri Dec 29 17:01:29 PST 2017 -- 1514595689101 
Leecher logs: This is an random entry by Leecher --- Fri Dec 29 17:07:34 PST 2017 -- 1514596054152 
Leecher logs: This is an random entry by Leecher --- Fri Dec 29 17:13:39 PST 2017 -- 1514596419257 
Leecher logs: This is an random entry by Leecher --- Fri Dec 29 17:19:43 PST 2017 -- 1514596783963 
Leecher logs: This is an random entry by Leecher --- Fri Dec 29 17:25:48 PST 2017 -- 1514597148501 
Leecher logs: This is an random entry by Leecher --- Fri Dec 29 17:31:53 PST 2017 -- 1514597513167 
Leecher logs: This is an random entry by Leecher --- Fri Dec 29 17:37:59 PST 2017 -- 1514597879073 
Leecher logs: This is an random entry by Leecher --- Fri Dec 29 17:44:03 PST 2017 -- 1514598243829 
Leecher logs: This is an random entry by Leecher --- Sat Dec 30 17:47:55 PST 2017 -- 1514684875925 
Leecher logs: This is an random entry by Leecher --- Sat Dec 30 17:54:01 PST 2017 -- 1514685241902 
Leecher logs: This is an random entry by Leecher --- Sat Dec 30 18:00:05 PST 2017 -- 1514685605888 
Leecher logs: This is an random entry by Leecher --- Sat Dec 30 18:06:11 PST 2017 -- 1514685971484 
Leecher logs: This is an random entry by Leecher --- Sat Dec 30 18:12:16 PST 2017 -- 1514686336543 
Leecher logs: This is an random entry by Leecher --- Sat Dec 30 18:18:21 PST 2017 -- 1514686701450 
Leecher logs: This is an random entry by Leecher --- Sat Dec 30 18:24:25 PST 2017 -- 1514687065923 
Leecher logs: This is an random entry by Leecher --- Sat Dec 30 18:30:30 PST 2017 -- 1514687430759 
Leecher logs: This is an random entry by Leecher --- Sat Dec 30 18:36:35 PST 2017 -- 1514687795150 
Leecher logs: This is an random entry by Leecher --- Sat Dec 30 18:42:40 PST 2017 -- 1514688160315 
Leecher logs: This is an random entry by Leecher --- Sat Dec 30 18:48:44 PST 2017 -- 1514688524632 
Leecher logs: This is an random entry by Leecher --- Sat Dec 30 18:54:49 PST 2017 -- 1514688889106 
Leecher logs: This is an random entry by Leecher --- Sat Dec 30 19:00:54 PST 2017 -- 1514689254727 
Leecher logs: This is an random entry by Leecher --- Sat Dec 30 19:06:59 PST 2017 -- 1514689619846 
Leecher logs: This is an random entry by Leecher --- Sat Dec 30 19:13:04 PST 2017 -- 1514689984216 
Leecher logs: This is an random entry by Leecher --- Sat Dec 30 19:19:08 PST 2017 -- 1514690348772 
Leecher logs: This is an random entry by Leecher --- Sat Dec 30 19:25:13 PST 2017 -- 1514690713798 
Leecher logs: This is an random entry by Leecher --- Sat Dec 30 19:31:18 PST 2017 -- 1514691078256 
Leecher logs: This is an random entry by Leecher --- Sat Dec 30 21:07:32 PST 2017 -- 1514696852713 
Leecher logs: This is an random entry by Leecher --- Sat Dec 30 21:13:37 PST 2017 -- 1514697217929 
Leecher logs: This is an random entry by Leecher --- Sat Dec 30 21:19:42 PST 2017 -- 1514697582611 
Leecher logs: This is an random entry by Leecher --- Sat Dec 30 21:25:47 PST 2017 -- 1514697947778 
Leecher logs: This is an random entry by Leecher --- Sat Dec 30 21:31:52 PST 2017 -- 1514698312776 
Leecher logs: This is an random entry by Leecher --- Sat Dec 30 21:37:58 PST 2017 -- 1514698678344 
Leecher logs: This is an random entry by Leecher --- Sat Dec 30 21:44:03 PST 2017 -- 1514699043520 
Leecher logs: This is an random entry by Leecher --- Sat Dec 30 21:50:08 PST 2017 -- 1514699408183 
Leecher logs: This is an random entry by Leecher --- Sat Dec 30 21:56:12 PST 2017 -- 1514699772785 
Leecher logs: This is an random entry by Leecher --- Sat Dec 30 22:02:17 PST 2017 -- 1514700137638 
Leecher logs: This is an random entry by Leecher --- Sat Dec 30 22:08:22 PST 2017 -- 1514700502109 
Leecher logs: This is an random entry by Leecher --- Sat Dec 30 22:14:26 PST 2017 -- 1514700866594 
Leecher logs: This is an random entry by Leecher --- Sat Dec 30 22:20:31 PST 2017 -- 1514701231507 
Leecher logs: This is an random entry by Leecher --- Sat Dec 30 22:26:36 PST 2017 -- 1514701596853 
Leecher logs: This is an random entry by Leecher --- Sat Dec 30 22:32:46 PST 2017 -- 1514701966378 
Leecher logs: This is an random entry by Leecher --- Sat Dec 30 22:38:51 PST 2017 -- 1514702331432 
Leecher logs: This is an random entry by Leecher --- Sat Dec 30 22:44:55 PST 2017 -- 1514702695432 
Leecher logs: This is an random entry by Leecher --- Sat Dec 30 22:51:00 PST 2017 -- 1514703060246 
Leecher logs: This is an random entry by Leecher --- Sat Dec 30 22:57:04 PST 2017 -- 1514703424780 
Leecher logs: This is an random entry by Leecher --- Sat Dec 30 23:03:09 PST 2017 -- 1514703789258 
Leecher logs: This is an random entry by Leecher --- Sat Dec 30 23:09:15 PST 2017 -- 1514704155426 
Leecher logs: This is an random entry by Leecher --- Sat Dec 30 23:15:22 PST 2017 -- 1514704522884 
Leecher logs: This is an random entry by Leecher --- Sat Dec 30 23:21:28 PST 2017 -- 1514704888255 
Leecher logs: This is an random entry by Leecher --- Sat Dec 30 23:27:33 PST 2017 -- 1514705253180 
Leecher logs: This is an random entry by Leecher --- Sat Dec 30 23:33:38 PST 2017 -- 1514705618449 
Leecher logs: This is an random entry by Leecher --- Sat Dec 30 23:39:43 PST 2017 -- 1514705983209 
Leecher logs: This is an random entry by Leecher --- Sat Dec 30 23:45:47 PST 2017 -- 1514706347775 
Leecher logs: This is an random entry by Leecher --- Sat Dec 30 23:51:53 PST 2017 -- 1514706713812 
Leecher logs: This is an random entry by Leecher --- Sat Dec 30 23:58:02 PST 2017 -- 1514707082815 
Leecher logs: This is an random entry by Leecher --- Sun Dec 31 00:04:08 PST 2017 -- 1514707448823 
Leecher logs: This is an random entry by Leecher --- Sun Dec 31 00:10:02 PST 2017 -- 1514707802184 
Leecher logs: This is an random entry by Leecher --- Sun Dec 31 00:16:09 PST 2017 -- 1514708169153 
Leecher logs: This is an random entry by Leecher --- Sun Dec 31 00:22:13 PST 2017 -- 1514708533605 
Leecher logs: This is an random entry by Leecher --- Sun Dec 31 00:28:17 PST 2017 -- 1514708897945 
Leecher logs: This is an random entry by Leecher --- Sun Dec 31 00:34:22 PST 2017 -- 1514709262401 
Leecher logs: This is an random entry by Leecher --- Sun Dec 31 00:40:28 PST 2017 -- 1514709628105 
Leecher logs: This is an random entry by Leecher --- Sun Dec 31 00:46:35 PST 2017 -- 1514709995427 
Leecher logs: This is an random entry by Leecher --- Sun Dec 31 00:52:40 PST 2017 -- 1514710360173 
Leecher logs: This is an random entry by Leecher --- Sun Dec 31 00:58:44 PST 2017 -- 1514710724796 
Leecher logs: This is an random entry by Leecher --- Sun Dec 31 01:04:49 PST 2017 -- 1514711089240 
Leecher logs: This is an random entry by Leecher --- Sun Dec 31 01:10:55 PST 2017 -- 1514711455638 
Leecher logs: This is an random entry by Leecher --- Sun Dec 31 01:17:00 PST 2017 -- 1514711820895 
Leecher logs: This is an random entry by Leecher --- Sun Dec 31 01:23:05 PST 2017 -- 1514712185547 
Leecher logs: This is an random entry by Leecher --- Sun Dec 31 01:29:11 PST 2017 -- 1514712551001 
Leecher logs: This is an random entry by Leecher --- Sun Dec 31 01:35:14 PST 2017 -- 1514712914960 
Leecher logs: This is an random entry by Leecher --- Sun Dec 31 01:41:19 PST 2017 -- 1514713279278 
Leecher logs: This is an random entry by Leecher --- Sun Dec 31 01:47:25 PST 2017 -- 1514713645699 
Leecher logs: This is an random entry by Leecher --- Sun Dec 31 01:53:31 PST 2017 -- 1514714011023 
Leecher logs: This is an random entry by Leecher --- Sun Dec 31 01:59:36 PST 2017 -- 1514714376130 
Leecher logs: This is an random entry by Leecher --- Sun Dec 31 02:05:40 PST 2017 -- 1514714740602 
Leecher logs: This is an random entry by Leecher --- Sun Dec 31 02:11:45 PST 2017 -- 1514715105247 
Leecher logs: This is an random entry by Leecher --- Sun Dec 31 02:17:49 PST 2017 -- 1514715469814 
Leecher logs: This is an random entry by Leecher --- Sun Dec 31 02:23:54 PST 2017 -- 1514715834794 
Leecher logs: This is an random entry by Leecher --- Sun Dec 31 02:29:59 PST 2017 -- 1514716199182 
Leecher logs: This is an random entry by Leecher --- Sun Dec 31 02:36:03 PST 2017 -- 1514716563488 
Leecher logs: This is an random entry by Leecher --- Sun Dec 31 02:42:15 PST 2017 -- 1514716935648 
Leecher logs: This is an random entry by Leecher --- Sun Dec 31 02:48:20 PST 2017 -- 1514717300487 
Leecher logs: This is an random entry by Leecher --- Sun Dec 31 02:54:25 PST 2017 -- 1514717665821 
Leecher logs: This is an random entry by Leecher --- Sun Dec 31 03:00:30 PST 2017 -- 1514718030886 
Leecher logs: This is an random entry by Leecher --- Sun Dec 31 03:06:35 PST 2017 -- 1514718395642 
Leecher logs: This is an random entry by Leecher --- Sun Dec 31 03:12:41 PST 2017 -- 1514718761744 
Leecher logs: This is an random entry by Leecher --- Sun Dec 31 03:18:47 PST 2017 -- 1514719127740 
Leecher logs: This is an random entry by Leecher --- Sun Dec 31 03:24:52 PST 2017 -- 1514719492226 
Leecher logs: This is an random entry by Leecher --- Sun Dec 31 03:30:57 PST 2017 -- 1514719857135 
Leecher logs: This is an random entry by Leecher --- Sun Dec 31 03:37:01 PST 2017 -- 1514720221774 
Leecher logs: This is an random entry by Leecher --- Sun Dec 31 03:43:06 PST 2017 -- 1514720586940 
Leecher logs: This is an random entry by Leecher --- Sun Dec 31 03:49:11 PST 2017 -- 1514720951664 
Leecher logs: This is an random entry by Leecher --- Sun Dec 31 03:55:16 PST 2017 -- 1514721316555 
Leecher logs: This is an random entry by Leecher --- Sun Dec 31 04:01:21 PST 2017 -- 1514721681258 
Leecher logs: This is an random entry by Leecher --- Sun Dec 31 04:07:25 PST 2017 -- 1514722045656 
Leecher logs: This is an random entry by Leecher --- Sun Dec 31 04:13:30 PST 2017 -- 1514722410285 
Leecher logs: This is an random entry by Leecher --- Sun Dec 31 04:19:35 PST 2017 -- 1514722775285 
Leecher logs: This is an random entry by Leecher --- Sun Dec 31 04:25:40 PST 2017 -- 1514723140456 
Leecher logs: This is an random entry by Leecher --- Sun Dec 31 04:31:45 PST 2017 -- 1514723505117 
Leecher logs: This is an random entry by Leecher --- Sun Dec 31 04:37:49 PST 2017 -- 1514723869563 
Leecher logs: This is an random entry by Leecher --- Sun Dec 31 04:43:54 PST 2017 -- 1514724234303 
Leecher logs: This is an random entry by Leecher --- Sun Dec 31 04:49:58 PST 2017 -- 1514724598883 
Leecher logs: This is an random entry by Leecher --- Sun Dec 31 04:56:03 PST 2017 -- 1514724963629 
Leecher logs: This is an random entry by Leecher --- Sun Dec 31 05:02:08 PST 2017 -- 1514725328399 
Leecher logs: This is an random entry by Leecher --- Sun Dec 31 05:08:13 PST 2017 -- 1514725693563 
Leecher logs: This is an random entry by Leecher --- Sun Dec 31 05:14:18 PST 2017 -- 1514726058424 
Leecher logs: This is an random entry by Leecher --- Sun Dec 31 05:20:22 PST 2017 -- 1514726422774 
Leecher logs: This is an random entry by Leecher --- Sun Dec 31 05:26:27 PST 2017 -- 1514726787460 
Leecher logs: This is an random entry by Leecher --- Sun Dec 31 05:32:31 PST 2017 -- 1514727151851 
Leecher logs: This is an random entry by Leecher --- Sun Dec 31 05:38:36 PST 2017 -- 1514727516429 
Leecher logs: This is an random entry by Leecher --- Sun Dec 31 05:44:41 PST 2017 -- 1514727881492 
Leecher logs: This is an random entry by Leecher --- Sun Dec 31 05:50:46 PST 2017 -- 1514728246551 
Leecher logs: This is an random entry by Leecher --- Sun Dec 31 05:56:51 PST 2017 -- 1514728611100 
Leecher logs: This is an random entry by Leecher --- Sun Dec 31 06:02:55 PST 2017 -- 1514728975548 
Leecher logs: This is an random entry by Leecher --- Sun Dec 31 06:09:00 PST 2017 -- 1514729340315 
Leecher logs: This is an random entry by Leecher --- Sun Dec 31 06:15:04 PST 2017 -- 1514729704954 
Leecher logs: This is an random entry by Leecher --- Sun Dec 31 06:21:09 PST 2017 -- 1514730069402 
Leecher logs: This is an random entry by Leecher --- Sun Dec 31 06:27:14 PST 2017 -- 1514730434056 
Leecher logs: This is an random entry by Leecher --- Sun Dec 31 06:33:19 PST 2017 -- 1514730799112 
Leecher logs: This is an random entry by Leecher --- Sun Dec 31 06:39:24 PST 2017 -- 1514731164172 
Leecher logs: This is an random entry by Leecher --- Sun Dec 31 06:45:28 PST 2017 -- 1514731528823 
Leecher logs: This is an random entry by Leecher --- Sun Dec 31 06:51:33 PST 2017 -- 1514731893662 
Leecher logs: This is an random entry by Leecher --- Sun Dec 31 06:57:38 PST 2017 -- 1514732258096 
Leecher logs: This is an random entry by Leecher --- Sun Dec 31 07:03:42 PST 2017 -- 1514732622530 
Leecher logs: This is an random entry by Leecher --- Sun Dec 31 07:09:47 PST 2017 -- 1514732987034 
Leecher logs: This is an random entry by Leecher --- Sun Dec 31 07:15:52 PST 2017 -- 1514733352102 
Leecher logs: This is an random entry by Leecher --- Sun Dec 31 07:21:57 PST 2017 -- 1514733717142 
Leecher logs: This is an random entry by Leecher --- Sun Dec 31 07:28:01 PST 2017 -- 1514734081989 
Leecher logs: This is an random entry by Leecher --- Sun Dec 31 07:34:06 PST 2017 -- 1514734446536 
Leecher logs: This is an random entry by Leecher --- Sun Dec 31 07:40:10 PST 2017 -- 1514734810986 
Leecher logs: This is an random entry by Leecher --- Sun Dec 31 07:46:15 PST 2017 -- 1514735175406 
Leecher logs: This is an random entry by Leecher --- Sun Dec 31 07:52:20 PST 2017 -- 1514735540029 
Leecher logs: This is an random entry by Leecher --- Sun Dec 31 07:58:24 PST 2017 -- 1514735904511 
Leecher logs: This is an random entry by Leecher --- Sun Dec 31 08:04:29 PST 2017 -- 1514736269577 
Leecher logs: This is an random entry by Leecher --- Sun Dec 31 08:10:34 PST 2017 -- 1514736634735 
Leecher logs: This is an random entry by Leecher --- Sun Dec 31 08:16:39 PST 2017 -- 1514736999492 
Leecher logs: This is an random entry by Leecher --- Sun Dec 31 08:22:44 PST 2017 -- 1514737364031 
Leecher logs: This is an random entry by Leecher --- Sun Dec 31 08:28:48 PST 2017 -- 1514737728119 
Leecher logs: This is an random entry by Leecher --- Sun Dec 31 08:34:52 PST 2017 -- 1514738092793 
Leecher logs: This is an random entry by Leecher --- Sun Dec 31 08:40:57 PST 2017 -- 1514738457133 
Leecher logs: This is an random entry by Leecher --- Sun Dec 31 08:47:01 PST 2017 -- 1514738821591 
Leecher logs: This is an random entry by Leecher --- Sun Dec 31 08:53:06 PST 2017 -- 1514739186916 
Leecher logs: This is an random entry by Leecher --- Sun Dec 31 08:59:11 PST 2017 -- 1514739551313 
Leecher logs: This is an random entry by Leecher --- Sun Dec 31 09:05:16 PST 2017 -- 1514739916466 
Leecher logs: This is an random entry by Leecher --- Sun Dec 31 09:11:21 PST 2017 -- 1514740281314 
Leecher logs: This is an random entry by Leecher --- Sun Dec 31 09:17:25 PST 2017 -- 1514740645651 
Leecher logs: This is an random entry by Leecher --- Sun Dec 31 09:23:30 PST 2017 -- 1514741010169 
Leecher logs: This is an random entry by Leecher --- Sun Dec 31 09:29:34 PST 2017 -- 1514741374958 
Leecher logs: This is an random entry by Leecher --- Sun Dec 31 09:35:40 PST 2017 -- 1514741740225 
Leecher logs: This is an random entry by Leecher --- Sun Dec 31 09:41:44 PST 2017 -- 1514742104877 
Leecher logs: This is an random entry by Leecher --- Sun Dec 31 09:47:49 PST 2017 -- 1514742469577 
Leecher logs: This is an random entry by Leecher --- Sun Dec 31 09:53:54 PST 2017 -- 1514742834017 
Leecher logs: This is an random entry by Leecher --- Sun Dec 31 09:59:58 PST 2017 -- 1514743198493 
Leecher logs: This is an random entry by Leecher --- Sun Dec 31 10:06:02 PST 2017 -- 1514743562914 
Leecher logs: This is an random entry by Leecher --- Sun Dec 31 10:12:07 PST 2017 -- 1514743927341 
Leecher logs: This is an random entry by Leecher --- Sun Dec 31 10:18:12 PST 2017 -- 1514744292157 
Leecher logs: This is an random entry by Leecher --- Sun Dec 31 10:24:17 PST 2017 -- 1514744657317 
Leecher logs: This is an random entry by Leecher --- Sun Dec 31 10:30:21 PST 2017 -- 1514745021971 
Leecher logs: This is an random entry by Leecher --- Sun Dec 31 10:36:26 PST 2017 -- 1514745386519 
Leecher logs: This is an random entry by Leecher --- Sun Dec 31 10:42:30 PST 2017 -- 1514745750945 
Leecher logs: This is an random entry by Leecher --- Sun Dec 31 10:48:35 PST 2017 -- 1514746115672 
Leecher logs: This is an random entry by Leecher --- Sun Dec 31 10:54:40 PST 2017 -- 1514746480082 
Leecher logs: This is an random entry by Leecher --- Sun Dec 31 11:00:44 PST 2017 -- 1514746844664 
Leecher logs: This is an random entry by Leecher --- Sun Dec 31 11:06:49 PST 2017 -- 1514747209711 
Leecher logs: This is an random entry by Leecher --- Sun Dec 31 11:12:54 PST 2017 -- 1514747574919 
Leecher logs: This is an random entry by Leecher --- Sun Dec 31 11:18:59 PST 2017 -- 1514747939460 
Leecher logs: This is an random entry by Leecher --- Sun Dec 31 11:25:04 PST 2017 -- 1514748304220 
Leecher logs: This is an random entry by Leecher --- Sun Dec 31 11:31:08 PST 2017 -- 1514748668663 
Leecher logs: This is an random entry by Leecher --- Sun Dec 31 11:37:13 PST 2017 -- 1514749033168 
Leecher logs: This is an random entry by Leecher --- Sun Dec 31 11:43:17 PST 2017 -- 1514749397688 
Leecher logs: This is an random entry by Leecher --- Sun Dec 31 11:49:22 PST 2017 -- 1514749762865 
Leecher logs: This is an random entry by Leecher --- Sun Dec 31 11:55:27 PST 2017 -- 1514750127768 
Leecher logs: This is an random entry by Leecher --- Sun Dec 31 12:01:32 PST 2017 -- 1514750492728 
Leecher logs: This is an random entry by Leecher --- Sun Dec 31 12:07:37 PST 2017 -- 1514750857124 
Leecher logs: This is an random entry by Leecher --- Sun Dec 31 12:13:41 PST 2017 -- 1514751221612 
Leecher logs: This is an random entry by Leecher --- Sun Dec 31 12:19:46 PST 2017 -- 1514751586060 
Leecher logs: This is an random entry by Leecher --- Sun Dec 31 12:25:50 PST 2017 -- 1514751950599 
Leecher logs: This is an random entry by Leecher --- Sun Dec 31 12:31:54 PST 2017 -- 1514752314997 
Leecher logs: This is an random entry by Leecher --- Sun Dec 31 12:38:00 PST 2017 -- 1514752680516 
Leecher logs: This is an random entry by Leecher --- Sun Dec 31 12:44:05 PST 2017 -- 1514753045502 
Leecher logs: This is an random entry by Leecher --- Sun Dec 31 12:50:10 PST 2017 -- 1514753410176 
Leecher logs: This is an random entry by Leecher --- Sun Dec 31 12:56:14 PST 2017 -- 1514753774650 
Leecher logs: This is an random entry by Leecher --- Sun Dec 31 13:02:19 PST 2017 -- 1514754139294 
Leecher logs: This is an random entry by Leecher --- Sun Dec 31 13:08:23 PST 2017 -- 1514754503706 
Leecher logs: This is an random entry by Leecher --- Sun Dec 31 13:14:28 PST 2017 -- 1514754868735 
Leecher logs: This is an random entry by Leecher --- Sun Dec 31 13:20:33 PST 2017 -- 1514755233851 
Leecher logs: This is an random entry by Leecher --- Sun Dec 31 13:26:38 PST 2017 -- 1514755598749 
Leecher logs: This is an random entry by Leecher --- Sun Dec 31 13:32:43 PST 2017 -- 1514755963284 
Leecher logs: This is an random entry by Leecher --- Sun Dec 31 13:38:47 PST 2017 -- 1514756327639 
Leecher logs: This is an random entry by Leecher --- Sun Dec 31 13:44:52 PST 2017 -- 1514756692194 
Leecher logs: This is an random entry by Leecher --- Sun Dec 31 13:50:56 PST 2017 -- 1514757056823 
Leecher logs: This is an random entry by Leecher --- Sun Dec 31 13:57:01 PST 2017 -- 1514757421698 
Leecher logs: This is an random entry by Leecher --- Sun Dec 31 14:03:06 PST 2017 -- 1514757786627 
Leecher logs: This is an random entry by Leecher --- Sun Dec 31 14:09:10 PST 2017 -- 1514758150600 
Leecher logs: This is an random entry by Leecher --- Sun Dec 31 14:15:15 PST 2017 -- 1514758515057 
Leecher logs: This is an random entry by Leecher --- Sun Dec 31 14:21:19 PST 2017 -- 1514758879510 
Leecher logs: This is an random entry by Leecher --- Sun Dec 31 14:27:23 PST 2017 -- 1514759243912 
Leecher logs: This is an random entry by Leecher --- Sun Dec 31 14:33:28 PST 2017 -- 1514759608408 
Leecher logs: This is an random entry by Leecher --- Sun Dec 31 14:39:33 PST 2017 -- 1514759973086 
Leecher logs: This is an random entry by Leecher --- Sun Dec 31 14:45:37 PST 2017 -- 1514760337528 
Leecher logs: This is an random entry by Leecher --- Sun Dec 31 14:51:42 PST 2017 -- 1514760702421 
Leecher logs: This is an random entry by Leecher --- Sun Dec 31 14:57:47 PST 2017 -- 1514761067538 
Leecher logs: This is an random entry by Leecher --- Sun Dec 31 15:03:52 PST 2017 -- 1514761432176 
Leecher logs: This is an random entry by Leecher --- Sun Dec 31 15:09:56 PST 2017 -- 1514761796644 
Leecher logs: This is an random entry by Leecher --- Sun Dec 31 15:16:01 PST 2017 -- 1514762161502 
Leecher logs: This is an random entry by Leecher --- Sun Dec 31 15:22:06 PST 2017 -- 1514762526001 
Leecher logs: This is an random entry by Leecher --- Sun Dec 31 15:28:10 PST 2017 -- 1514762890474 
Leecher logs: This is an random entry by Leecher --- Sun Dec 31 15:34:15 PST 2017 -- 1514763255578 
Leecher logs: This is an random entry by Leecher --- Sun Dec 31 15:40:20 PST 2017 -- 1514763620846 
Leecher logs: This is an random entry by Leecher --- Sun Dec 31 15:46:25 PST 2017 -- 1514763985809 
Leecher logs: This is an random entry by Leecher --- Sun Dec 31 15:52:30 PST 2017 -- 1514764350391 
Leecher logs: This is an random entry by Leecher --- Sun Dec 31 15:58:34 PST 2017 -- 1514764714292 
Leecher logs: This is an random entry by Leecher --- Sun Dec 31 16:04:38 PST 2017 -- 1514765078767 
Leecher logs: This is an random entry by Leecher --- Sun Dec 31 16:10:43 PST 2017 -- 1514765443263 
Leecher logs: This is an random entry by Leecher --- Sun Dec 31 16:16:48 PST 2017 -- 1514765808985 
Leecher logs: This is an random entry by Leecher --- Sun Dec 31 16:22:53 PST 2017 -- 1514766173830 
Leecher logs: This is an random entry by Leecher --- Sun Dec 31 16:28:58 PST 2017 -- 1514766538596 
Leecher logs: This is an random entry by Leecher --- Sun Dec 31 16:35:03 PST 2017 -- 1514766903314 
Leecher logs: This is an random entry by Leecher --- Sun Dec 31 16:41:07 PST 2017 -- 1514767267887 
Leecher logs: This is an random entry by Leecher --- Sun Dec 31 16:47:12 PST 2017 -- 1514767632429 
Leecher logs: This is an random entry by Leecher --- Sun Dec 31 16:53:17 PST 2017 -- 1514767997002 
Leecher logs: This is an random entry by Leecher --- Sun Dec 31 16:59:21 PST 2017 -- 1514768361731 
Leecher logs: This is an random entry by Leecher --- Sun Dec 31 17:05:26 PST 2017 -- 1514768726884 
Leecher logs: This is an random entry by Leecher --- Sun Dec 31 17:11:31 PST 2017 -- 1514769091374 
Leecher logs: This is an random entry by Leecher --- Sun Dec 31 17:17:35 PST 2017 -- 1514769455973 
Leecher logs: This is an random entry by Leecher --- Sun Dec 31 17:23:40 PST 2017 -- 1514769820322 
Leecher logs: This is an random entry by Leecher --- Sun Dec 31 17:29:44 PST 2017 -- 1514770184867 
Leecher logs: This is an random entry by Leecher --- Sun Dec 31 17:35:49 PST 2017 -- 1514770549815 
Leecher logs: This is an random entry by Leecher --- Sun Dec 31 17:41:54 PST 2017 -- 1514770914362 
Leecher logs: This is an random entry by Leecher --- Sun Dec 31 17:47:59 PST 2017 -- 1514771279660 
Leecher logs: This is an random entry by Leecher --- Sun Dec 31 17:54:04 PST 2017 -- 1514771644273 
Leecher logs: This is an random entry by Leecher --- Sun Dec 31 18:00:08 PST 2017 -- 1514772008825 
Leecher logs: This is an random entry by Leecher --- Sun Dec 31 18:06:13 PST 2017 -- 1514772373298 
Leecher logs: This is an random entry by Leecher --- Sun Dec 31 18:12:17 PST 2017 -- 1514772737711 
Leecher logs: This is an random entry by Leecher --- Sun Dec 31 18:18:22 PST 2017 -- 1514773102260 
Leecher logs: This is an random entry by Leecher --- Sun Dec 31 18:24:26 PST 2017 -- 1514773466807 
Leecher logs: This is an random entry by Leecher --- Sun Dec 31 18:30:31 PST 2017 -- 1514773831138 
Leecher logs: This is an random entry by Leecher --- Sun Dec 31 18:36:35 PST 2017 -- 1514774195683 
Leecher logs: This is an random entry by Leecher --- Sun Dec 31 18:42:40 PST 2017 -- 1514774560103 
Leecher logs: This is an random entry by Leecher --- Sun Dec 31 18:48:44 PST 2017 -- 1514774924831 
Leecher logs: This is an random entry by Leecher --- Sun Dec 31 18:54:49 PST 2017 -- 1514775289732 
Leecher logs: This is an random entry by Leecher --- Sun Dec 31 19:00:53 PST 2017 -- 1514775653667 
Leecher logs: This is an random entry by Leecher --- Sun Dec 31 19:06:58 PST 2017 -- 1514776018218 
Leecher logs: This is an random entry by Leecher --- Sun Dec 31 19:13:03 PST 2017 -- 1514776383174 
Leecher logs: This is an random entry by Leecher --- Sun Dec 31 19:19:07 PST 2017 -- 1514776747304 
Leecher logs: This is an random entry by Leecher --- Sun Dec 31 19:25:11 PST 2017 -- 1514777111847 
Leecher logs: This is an random entry by Leecher --- Sun Dec 31 19:31:16 PST 2017 -- 1514777476394 
Leecher logs: This is an random entry by Leecher --- Sun Dec 31 19:37:20 PST 2017 -- 1514777840942 
Leecher logs: This is an random entry by Leecher --- Sun Dec 31 19:43:25 PST 2017 -- 1514778205505 
Leecher logs: This is an random entry by Leecher --- Sun Dec 31 19:49:30 PST 2017 -- 1514778570214 
